Unity Editor version:    6000.2.7f2 (2b518236b676)
Branch:                  6000.2/respin/6000.2.7f1-2eb0c79396db
Build type:              Release
Batch mode:              YES
macOS version:           Version 26.0.1 (Build 25A362)
Darwin version:          25.0.0
Architecture:            arm64
Running under Rosetta:   NO
Available memory:        16384 MB
Date:                    2025-10-14T06:12:23Z
[Licensing::Module] Trying to connect to existing licensing client channel...
[Licensing::IpcConnector] Successfully connected to: "LicenseClient-fujitayuuta" at "2025-10-14T06:12:23.791593Z"

COMMAND LINE ARGUMENTS:
/Applications/Unity/Hub/Editor/6000.2.7f2/Unity.app/Contents/MacOS/Unity
-adb2
-batchMode
-noUpm
-name
AssetImportWorker0
-projectPath
/Users/fujitayuuta/Documents/ZangiDon_002
-logFile
Logs/AssetImportWorker0.log
-srvPort
51483
-licensingIpc
LicenseClient-fujitayuuta
-job-worker-count
4
-background-job-worker-count
8
-gc-helper-count
1
-name AssetImport
Successfully changed project path to: /Users/fujitayuuta/Documents/ZangiDon_002
/Users/fujitayuuta/Documents/ZangiDon_002
[UnityMemory] Configuration Parameters - Can be set up in boot.config
    "memorysetup-allocator-temp-initial-block-size-main=262144"
    "memorysetup-allocator-temp-initial-block-size-worker=262144"
    "memorysetup-bucket-allocator-granularity=16"
    "memorysetup-bucket-allocator-bucket-count=8"
    "memorysetup-bucket-allocator-block-size=33554432"
    "memorysetup-bucket-allocator-block-count=8"
    "memorysetup-main-allocator-block-size=16777216"
    "memorysetup-thread-allocator-block-size=16777216"
    "memorysetup-gfx-main-allocator-block-size=16777216"
    "memorysetup-gfx-thread-allocator-block-size=16777216"
    "memorysetup-cache-allocator-block-size=4194304"
    "memorysetup-typetree-allocator-block-size=2097152"
    "memorysetup-profiler-bucket-allocator-granularity=16"
    "memorysetup-profiler-bucket-allocator-bucket-count=8"
    "memorysetup-profiler-bucket-allocator-block-size=33554432"
    "memorysetup-profiler-bucket-allocator-block-count=8"
    "memorysetup-profiler-allocator-block-size=16777216"
    "memorysetup-profiler-editor-allocator-block-size=1048576"
    "memorysetup-temp-allocator-size-main=16777216"
    "memorysetup-job-temp-allocator-block-size=2097152"
    "memorysetup-job-temp-allocator-block-size-background=1048576"
    "memorysetup-job-temp-allocator-reduction-small-platforms=262144"
    "memorysetup-temp-allocator-size-background-worker=32768"
    "memorysetup-temp-allocator-size-job-worker=262144"
    "memorysetup-temp-allocator-size-preload-manager=33554432"
    "memorysetup-temp-allocator-size-nav-mesh-worker=65536"
    "memorysetup-temp-allocator-size-audio-worker=65536"
    "memorysetup-temp-allocator-size-cloud-worker=32768"
    "memorysetup-temp-allocator-size-gi-baking-worker=262144"
    "memorysetup-temp-allocator-size-gi-baking-worker=262144"
    "memorysetup-temp-allocator-size-gi-baking-worker=262144"
    "memorysetup-temp-allocator-size-gi-baking-worker=262144"
    "memorysetup-temp-allocator-size-gi-baking-worker=262144"
    "memorysetup-temp-allocator-size-gfx=262144"
Player connection [8319830016]  Target information:

Player connection [8319830016]  * "[IP] 192.168.2.164 [Port] 0 [Flags] 2 [Guid] 3380156886 [EditorId] 3380156886 [Version] 1048832 [Id] OSXEditor(0,Mac.sagam1.kn.home.ne.jp) [Debug] 1 [PackageName] OSXEditor [ProjectName] Editor" 

Player connection [8319830016] Host joined multi-casting on [225.0.0.222:54997]...
Player connection [8319830016] Host joined alternative multi-casting on [225.0.0.222:34997]...
JobSystem: Creating JobQueue using job-worker-count value 4
Input System module state changed to: Initialized.
[Physics::Module] Initialized fallback backend.
[Physics::Module] Id: 0xdecafbad
Library Redirect Path: Library/
[Physics::Module] Selected backend.
[Physics::Module] Name: PhysX
[Physics::Module] Id: 0xf2b8ea05
[Physics::Module] SDK Version: 4.1.2
[Physics::Module] Integration Version: 1.0.0
[Physics::Module] Threading Mode: Multi-Threaded
Refreshing native plugins compatible for Editor in 3.22 ms, found 2 plugins.
Preloading 0 native plugins for Editor in 0.00 ms.
Initialize engine version: 6000.2.7f2 (2b518236b676)
[Subsystems] Discovering subsystems at path /Applications/Unity/Hub/Editor/6000.2.7f2/Unity.app/Contents/Resources/UnitySubsystems
[Subsystems] Discovering subsystems at path /Users/fujitayuuta/Documents/ZangiDon_002/Assets
GfxDevice: creating device client; kGfxThreadingModeNonThreaded
 preferred device: Apple M4 (high power)
Metal devices available: 1
0: Apple M4 (high power)
Using device Apple M4 (high power)
Initializing Metal device caps: Apple M4
Mac GPU Family: 2
Apple GPU Family: 9
MSL Version: 3.0
Has Float MSAA: 1
Has Float Filtering: 1
ReadWrite Texture Tier: 2
[Licensing::Client] Code 10 while verifying Licensing Client signature (process Id: 943, path: "/Applications/Unity Hub.app/Contents/Frameworks/UnityLicensingClient_V1.app/Contents/MacOS/Unity.Licensing.Client")
[Licensing::Module] LicensingClient has failed validation; ignoring
[Licensing::Client] Handshaking with LicensingClient:
  Version:                 1.17.3+a4e98f1
  Session Id:              4a599fb2bdcb49b1b75a3c400eda3f5f
  Correlation Id:          6bc298ffbe99d2c382eba17c0019a14c
  External correlation Id: 3374493268648189394
  Machine Id:              2NoPeT0WE98MKSO3KQB/vZ5zaZM=
[Licensing::Module] Successfully connected to LicensingClient on channel: "LicenseClient-fujitayuuta" (connect: 0.00s, validation: 0.00s, handshake: 0.34s)
[Licensing::IpcConnector] Successfully connected to: "LicenseClient-fujitayuuta-notifications" at "2025-10-14T06:12:24.136781Z"
[Licensing::Module] Licensing Background thread has ended after 0.35s
Initialize mono
Mono path[0] = '/Applications/Unity/Hub/Editor/6000.2.7f2/Unity.app/Contents/Managed'
Mono path[1] = '/Applications/Unity/Hub/Editor/6000.2.7f2/Unity.app/Contents/MonoBleedingEdge/lib/mono/unityjit-macos'
Mono config path = '/Applications/Unity/Hub/Editor/6000.2.7f2/Unity.app/Contents/MonoBleedingEdge/etc'
Using monoOptions --debugger-agent=transport=dt_socket,embedding=1,server=y,suspend=n,address=127.0.0.1:56943
Begin MonoManager ReloadAssembly
Registering precompiled unity dll's ...
Register platform support module: /Applications/Unity/Hub/Editor/6000.2.7f2/Unity.app/Contents/PlaybackEngines/MacStandaloneSupport/UnityEditor.OSXStandalone.Extensions.dll
Registered in 0.000715 seconds.
- Loaded All Assemblies, in  0.201 seconds
Native extension for OSXStandalone target not found
Mono: successfully reloaded assembly
- Finished resetting the current domain, in  0.182 seconds
Domain Reload Profiling: 383ms
	BeginReloadAssembly (74ms)
		ExecutionOrderSort (0ms)
		DisableScriptedObjects (0ms)
		BackupInstance (0ms)
		ReleaseScriptingObjects (0ms)
		CreateAndSetChildDomain (0ms)
	RebuildCommonClasses (18ms)
	RebuildNativeTypeToScriptingClass (6ms)
	initialDomainReloadingComplete (21ms)
	LoadAllAssembliesAndSetupDomain (81ms)
		LoadAssemblies (74ms)
		RebuildTransferFunctionScriptingTraits (0ms)
		AnalyzeDomain (79ms)
			TypeCache.Refresh (78ms)
				TypeCache.ScanAssembly (71ms)
			BuildScriptInfoCaches (0ms)
			ResolveRequiredComponents (0ms)
	FinalizeReload (182ms)
		ReleaseScriptCaches (0ms)
		RebuildScriptCaches (0ms)
		SetupLoadedEditorAssemblies (156ms)
			LogAssemblyErrors (0ms)
			InitializePlatformSupportModulesInManaged (22ms)
			SetLoadedEditorAssemblies (3ms)
			BeforeProcessingInitializeOnLoad (37ms)
			ProcessInitializeOnLoadAttributes (64ms)
			ProcessInitializeOnLoadMethodAttributes (31ms)
			AfterProcessingInitializeOnLoad (0ms)
			EditorAssembliesLoaded (0ms)
		ExecutionOrderSort2 (0ms)
		AwakeInstancesAfterBackupRestoration (0ms)
Assembly reference Packages/com.unity.cinemachine/Editor/Samples/ExposeHDRPInternals/HDRP-Editor-ref.asmref has no target assembly definition
========================================================================
Worker process is ready to serve import requests
Import Worker Mode flag is 0x00
Assembly reference Packages/com.unity.cinemachine/Editor/Samples/ExposeHDRPInternals/HDRP-Editor-ref.asmref has no target assembly definition
Assembly reference Packages/com.unity.cinemachine/Editor/Samples/ExposeHDRPInternals/HDRP-Editor-ref.asmref has no target assembly definition
Begin MonoManager ReloadAssembly
[Licensing::Client] Successfully resolved entitlement details
[Licensing::Module] License group:
  Id: 15669565423706-kino10222005-UnityProStuXXXX
  Product: Unity Student
  Type: Assigned
  Expiration: 2026-04-29T14:11:52Z
- Loaded All Assemblies, in  0.495 seconds
Assembly reference Packages/com.unity.cinemachine/Editor/Samples/ExposeHDRPInternals/HDRP-Editor-ref.asmref has no target assembly definition
'Packages/com.unity.cinemachine/Editor/Obsolete/CinemachineVirtualCameraBaseEditor.cs' contains partial class of Unity.Object, exactly 1 of the partial classes needs to be in a file with the same filename. This is to know the one that can be referenced from ie. GameObjects
'Packages/com.unity.cinemachine/Editor/Editors/CinemachineVirtualCameraBaseEditor.cs' contains partial class of Unity.Object, exactly 1 of the partial classes needs to be in a file with the same filename. This is to know the one that can be referenced from ie. GameObjects
Refreshing native plugins compatible for Editor in 0.19 ms, found 2 plugins.
Native extension for OSXStandalone target not found
Assembly reference Packages/com.unity.cinemachine/Editor/Samples/ExposeHDRPInternals/HDRP-Editor-ref.asmref has no target assembly definition
Package Manager log level set to [2]
[Package Manager] Failed to launch server process. Reason: Unity was launched with the -noUpm command-line argument
[Package Manager] Unable to send message (not connected to server process).
[Package Manager] Cannot connect to Unity Package Manager local server
[Package Manager] Failed to launch server process. Reason: Unity was launched with the -noUpm command-line argument
[Package Manager] Unable to send message (not connected to server process).
[Package Manager] Cannot connect to Unity Package Manager local server
Mono: successfully reloaded assembly
- Finished resetting the current domain, in  0.733 seconds
Domain Reload Profiling: 1225ms
	BeginReloadAssembly (61ms)
		ExecutionOrderSort (0ms)
		DisableScriptedObjects (3ms)
		BackupInstance (0ms)
		ReleaseScriptingObjects (0ms)
		CreateAndSetChildDomain (13ms)
	RebuildCommonClasses (18ms)
	RebuildNativeTypeToScriptingClass (7ms)
	initialDomainReloadingComplete (11ms)
	LoadAllAssembliesAndSetupDomain (395ms)
		LoadAssemblies (251ms)
		RebuildTransferFunctionScriptingTraits (0ms)
		AnalyzeDomain (170ms)
			TypeCache.Refresh (135ms)
				TypeCache.ScanAssembly (121ms)
			BuildScriptInfoCaches (26ms)
			ResolveRequiredComponents (7ms)
	FinalizeReload (733ms)
		ReleaseScriptCaches (0ms)
		RebuildScriptCaches (0ms)
		SetupLoadedEditorAssemblies (601ms)
			LogAssemblyErrors (0ms)
			InitializePlatformSupportModulesInManaged (1ms)
			SetLoadedEditorAssemblies (4ms)
			BeforeProcessingInitializeOnLoad (107ms)
			ProcessInitializeOnLoadAttributes (378ms)
			ProcessInitializeOnLoadMethodAttributes (109ms)
			AfterProcessingInitializeOnLoad (1ms)
			EditorAssembliesLoaded (2ms)
		ExecutionOrderSort2 (0ms)
		AwakeInstancesAfterBackupRestoration (3ms)
WARNING: Shader Unsupported: 'Universal Render Pipeline/VR/SpatialMapping/Wireframe' - All subshaders removed
WARNING: Shader Did you use #pragma only_renderers and omit this platform?
WARNING: Shader If subshaders removal was intentional, you may have forgotten turning Fallback off?
WARNING: Shader Unsupported: 'Universal Render Pipeline/VR/SpatialMapping/Wireframe' - All subshaders removed
WARNING: Shader Did you use #pragma only_renderers and omit this platform?
WARNING: Shader If subshaders removal was intentional, you may have forgotten turning Fallback off?
Launching external process: /Applications/Unity/Hub/Editor/6000.2.7f2/Unity.app/Contents/Tools/UnityShaderCompiler
Launched and connected shader compiler UnityShaderCompiler after 0.02 seconds
Refreshing native plugins compatible for Editor in 0.24 ms, found 2 plugins.
Preloading 0 native plugins for Editor in 0.00 ms.
Unloading 16 Unused Serialized files (Serialized files now loaded: 0)
Unloading 7208 unused Assets / (3.3 MB). Loaded Objects now: 7968.
Memory consumption went from 142.9 MB to 139.6 MB.
Total: 17.685084 ms (FindLiveObjects: 0.610792 ms CreateObjectMapping: 0.223416 ms MarkObjects: 15.595959 ms  DeleteObjects: 1.254417 ms)

========================================================================
Received Import Request.
  Time since last request: 31444.992093 seconds.
  path: Assets/HQ Explosions Pack FREE/Materials/Explosion02.mat
  artifactKey: Guid(e7c1fcb75eb276b43abdcf95bb823781) Importer(815301076,1909f56bfc062723c751e8b465ee728b)
Start importing Assets/HQ Explosions Pack FREE/Materials/Explosion02.mat using Guid(e7c1fcb75eb276b43abdcf95bb823781) Importer(815301076,1909f56bfc062723c751e8b465ee728b) (PreviewImporter) -> (artifact id: '8a918dd6e70013293168146538383352') in 0.294924542 seconds
Number of updated asset objects reloaded before import = 0Number of asset objects unloaded after import = 2

========================================================================
Received Import Request.
  Time since last request: 0.000053 seconds.
  path: Assets/HQ Explosions Pack FREE/Materials/Explosion01.mat
  artifactKey: Guid(ddc90866ce3808f428933a5234522b10) Importer(815301076,1909f56bfc062723c751e8b465ee728b)
Start importing Assets/HQ Explosions Pack FREE/Materials/Explosion01.mat using Guid(ddc90866ce3808f428933a5234522b10) Importer(815301076,1909f56bfc062723c751e8b465ee728b) (PreviewImporter) -> (artifact id: '3544c116379e7bfd55acae2443a1f889') in 0.053847166 seconds
Number of updated asset objects reloaded before import = 0Number of asset objects unloaded after import = 2

========================================================================
Received Prepare
Assembly reference Packages/com.unity.cinemachine/Editor/Samples/ExposeHDRPInternals/HDRP-Editor-ref.asmref has no target assembly definition
Assembly reference Packages/com.unity.cinemachine/Editor/Samples/ExposeHDRPInternals/HDRP-Editor-ref.asmref has no target assembly definition
Begin MonoManager ReloadAssembly
[Licensing::Client] Successfully resolved entitlement details
Thread 0x170107000 may have been prematurely finalized
- Loaded All Assemblies, in  0.568 seconds
Assembly reference Packages/com.unity.cinemachine/Editor/Samples/ExposeHDRPInternals/HDRP-Editor-ref.asmref has no target assembly definition
'Packages/com.unity.cinemachine/Editor/Obsolete/CinemachineVirtualCameraBaseEditor.cs' contains partial class of Unity.Object, exactly 1 of the partial classes needs to be in a file with the same filename. This is to know the one that can be referenced from ie. GameObjects
'Packages/com.unity.cinemachine/Editor/Editors/CinemachineVirtualCameraBaseEditor.cs' contains partial class of Unity.Object, exactly 1 of the partial classes needs to be in a file with the same filename. This is to know the one that can be referenced from ie. GameObjects
Refreshing native plugins compatible for Editor in 0.24 ms, found 2 plugins.
Native extension for OSXStandalone target not found
Assembly reference Packages/com.unity.cinemachine/Editor/Samples/ExposeHDRPInternals/HDRP-Editor-ref.asmref has no target assembly definition
[Package Manager] Failed to launch server process. Reason: Unity was launched with the -noUpm command-line argument
[Package Manager] Unable to send message (not connected to server process).
[Package Manager] Cannot connect to Unity Package Manager local server
[Package Manager] Failed to launch server process. Reason: Unity was launched with the -noUpm command-line argument
[Package Manager] Unable to send message (not connected to server process).
[Package Manager] Cannot connect to Unity Package Manager local server
Mono: successfully reloaded assembly
- Finished resetting the current domain, in  0.680 seconds
Domain Reload Profiling: 1255ms
	BeginReloadAssembly (184ms)
		ExecutionOrderSort (1ms)
		DisableScriptedObjects (24ms)
		BackupInstance (0ms)
		ReleaseScriptingObjects (0ms)
		CreateAndSetChildDomain (81ms)
	RebuildCommonClasses (18ms)
	RebuildNativeTypeToScriptingClass (7ms)
	initialDomainReloadingComplete (13ms)
	LoadAllAssembliesAndSetupDomain (353ms)
		LoadAssemblies (235ms)
		RebuildTransferFunctionScriptingTraits (0ms)
		AnalyzeDomain (141ms)
			TypeCache.Refresh (13ms)
				TypeCache.ScanAssembly (1ms)
			BuildScriptInfoCaches (104ms)
			ResolveRequiredComponents (10ms)
	FinalizeReload (680ms)
		ReleaseScriptCaches (0ms)
		RebuildScriptCaches (0ms)
		SetupLoadedEditorAssemblies (552ms)
			LogAssemblyErrors (0ms)
			InitializePlatformSupportModulesInManaged (1ms)
			SetLoadedEditorAssemblies (5ms)
			BeforeProcessingInitializeOnLoad (112ms)
			ProcessInitializeOnLoadAttributes (350ms)
			ProcessInitializeOnLoadMethodAttributes (82ms)
			AfterProcessingInitializeOnLoad (1ms)
			EditorAssembliesLoaded (0ms)
		ExecutionOrderSort2 (0ms)
		AwakeInstancesAfterBackupRestoration (14ms)
WARNING: Shader Unsupported: 'Universal Render Pipeline/VR/SpatialMapping/Wireframe' - All subshaders removed
WARNING: Shader Did you use #pragma only_renderers and omit this platform?
WARNING: Shader If subshaders removal was intentional, you may have forgotten turning Fallback off?
WARNING: Shader Unsupported: 'Universal Render Pipeline/VR/SpatialMapping/Wireframe' - All subshaders removed
WARNING: Shader Did you use #pragma only_renderers and omit this platform?
WARNING: Shader If subshaders removal was intentional, you may have forgotten turning Fallback off?
Refreshing native plugins compatible for Editor in 0.43 ms, found 2 plugins.
Preloading 0 native plugins for Editor in 0.00 ms.
Unloading 16 Unused Serialized files (Serialized files now loaded: 0)
Unloading 7207 unused Assets / (3.8 MB). Loaded Objects now: 8050.
Memory consumption went from 170.8 MB to 167.0 MB.
Total: 16.800333 ms (FindLiveObjects: 0.353250 ms CreateObjectMapping: 0.154792 ms MarkObjects: 15.255625 ms  DeleteObjects: 1.036166 ms)

Prepare: number of updated asset objects reloaded= 0
========================================================================
Received Import Request.
  Time since last request: 4528.316844 seconds.
  path: Assets/HQ Explosions Pack FREE/Environment/Environment.FBX
  artifactKey: Guid(1611ea18d00e7d14d947640ddb0a71dc) Importer(2089858483,192608db42251d675da83286b1cce702)
Start importing Assets/HQ Explosions Pack FREE/Environment/Environment.FBX using Guid(1611ea18d00e7d14d947640ddb0a71dc) Importer(2089858483,192608db42251d675da83286b1cce702) (ScriptedImporter) -> (artifact id: '419bdc279edeb36e3756578af8e2f1e9') in 0.131556125 seconds
Number of updated asset objects reloaded before import = 0Number of asset objects unloaded after import = 7

========================================================================
Received Import Request.
  Time since last request: 0.000042 seconds.
  path: Assets/HQ Explosions Pack FREE/Prefabs/Explosion05.prefab
  artifactKey: Guid(c2f612ce6ae600349bf6c84ecd17b91c) Importer(2089858483,192608db42251d675da83286b1cce702)
Start importing Assets/HQ Explosions Pack FREE/Prefabs/Explosion05.prefab using Guid(c2f612ce6ae600349bf6c84ecd17b91c) Importer(2089858483,192608db42251d675da83286b1cce702) (ScriptedImporter) -> (artifact id: 'b81e58700c2e4f1bb71de3d00ae609d4') in 0.0780775 seconds
Number of updated asset objects reloaded before import = 0Number of asset objects unloaded after import = 7

========================================================================
Received Import Request.
  Time since last request: 0.000035 seconds.
  path: Assets/HQ Explosions Pack FREE/Scene/DemoScene_presentationSettings.lighting
  artifactKey: Guid(d89dabef464727346acaa361e36a5b5c) Importer(2089858483,192608db42251d675da83286b1cce702)
Start importing Assets/HQ Explosions Pack FREE/Scene/DemoScene_presentationSettings.lighting using Guid(d89dabef464727346acaa361e36a5b5c) Importer(2089858483,192608db42251d675da83286b1cce702) (ScriptedImporter)The Progressive CPU lightmapper is not available for Apple Silicon, switching to the Progressive GPU lightmapper.
UnityEngine.Debug:ExtractStackTraceNoAlloc (byte*,int,string)
UnityEngine.StackTraceUtility:ExtractStackTrace () (at /Users/bokken/build/output/unity/unity/Runtime/Export/Scripting/StackTrace.cs:35)
UnityEditor.AssetDatabase:LoadMainAssetAtPath (string)
UnityEditor.Search.AssetIndexer:IndexProperties (int&,string&,bool&) (at /Users/bokken/build/output/unity/unity/Modules/QuickSearch/Editor/Indexing/AssetIndexer.cs:291)
UnityEditor.Search.AssetIndexer:IndexDocument (string,bool) (at /Users/bokken/build/output/unity/unity/Modules/QuickSearch/Editor/Indexing/AssetIndexer.cs:198)
UnityEditor.Search.SearchIndexEntryImporter:OnImportAsset (UnityEditor.AssetImporters.AssetImportContext) (at /Users/bokken/build/output/unity/unity/Modules/QuickSearch/Editor/Indexing/SearchIndexEntryImporter.cs:64)
UnityEditor.AssetImporters.ScriptedImporter:GenerateAssetData (UnityEditor.AssetImporters.AssetImportContext) (at /Users/bokken/build/output/unity/unity/Modules/AssetPipelineEditor/Public/ScriptedImporter.cs:25)

[/Users/bokken/build/output/unity/unity/Modules/QuickSearch/Editor/Indexing/AssetIndexer.cs line 291]

LightingSettings: switching bake backend from 2 to 1.
 -> (artifact id: '91357441862b58634f41bb1672a5ec2e') in 0.017090084 seconds
Number of updated asset objects reloaded before import = 0Number of asset objects unloaded after import = 1

========================================================================
Received Import Request.
  Time since last request: 0.000046 seconds.
  path: Assets/HQ Explosions Pack FREE/Scene
  artifactKey: Guid(10c5c39b64eb12e448810491fb32859e) Importer(2089858483,192608db42251d675da83286b1cce702)
Start importing Assets/HQ Explosions Pack FREE/Scene using Guid(10c5c39b64eb12e448810491fb32859e) Importer(2089858483,192608db42251d675da83286b1cce702) (ScriptedImporter) -> (artifact id: '4300399a1681895c7bb0decb59dc36ce') in 0.001472333 seconds
Number of updated asset objects reloaded before import = 0Number of asset objects unloaded after import = 1

========================================================================
Received Import Request.
  Time since last request: 0.000035 seconds.
  path: Assets/HQ Explosions Pack FREE/Textures/Explosion01_Tex.png
  artifactKey: Guid(ba9950503a1945d4e8f1d9a9e1151d73) Importer(2089858483,192608db42251d675da83286b1cce702)
Start importing Assets/HQ Explosions Pack FREE/Textures/Explosion01_Tex.png using Guid(ba9950503a1945d4e8f1d9a9e1151d73) Importer(2089858483,192608db42251d675da83286b1cce702) (ScriptedImporter) -> (artifact id: '294aa598e98ce2d4314e93e2c6fbf47d') in 0.055884958 seconds
Number of updated asset objects reloaded before import = 0Number of asset objects unloaded after import = 1

========================================================================
Received Import Request.
  Time since last request: 0.000030 seconds.
  path: Assets/HQ Explosions Pack FREE/Prefabs/Explosion06.prefab
  artifactKey: Guid(6d4d5d5fac238a7448ada0cebba5d560) Importer(2089858483,192608db42251d675da83286b1cce702)
Start importing Assets/HQ Explosions Pack FREE/Prefabs/Explosion06.prefab using Guid(6d4d5d5fac238a7448ada0cebba5d560) Importer(2089858483,192608db42251d675da83286b1cce702) (ScriptedImporter) -> (artifact id: '0b010f48b5e65d64f62c48a0a49d8af5') in 0.027714458 seconds
Number of updated asset objects reloaded before import = 0Number of asset objects unloaded after import = 7

========================================================================
Received Import Request.
  Time since last request: 0.000024 seconds.
  path: Assets/HQ Explosions Pack FREE/Shaders
  artifactKey: Guid(8df1ae83f15e35d4bbc0c5d7cf0d7499) Importer(2089858483,192608db42251d675da83286b1cce702)
Start importing Assets/HQ Explosions Pack FREE/Shaders using Guid(8df1ae83f15e35d4bbc0c5d7cf0d7499) Importer(2089858483,192608db42251d675da83286b1cce702) (ScriptedImporter) -> (artifact id: 'fe33e5e3868d12e169b198c8d48846dc') in 0.001581792 seconds
Number of updated asset objects reloaded before import = 0Number of asset objects unloaded after import = 1

========================================================================
Received Import Request.
  Time since last request: 0.000041 seconds.
  path: Assets/HQ Explosions Pack FREE/Textures/Explosion03_Tex.png
  artifactKey: Guid(98fec8ff0e4ea2c4cb5ab7f001a7c43f) Importer(2089858483,192608db42251d675da83286b1cce702)
Start importing Assets/HQ Explosions Pack FREE/Textures/Explosion03_Tex.png using Guid(98fec8ff0e4ea2c4cb5ab7f001a7c43f) Importer(2089858483,192608db42251d675da83286b1cce702) (ScriptedImporter) -> (artifact id: 'e7148dcee2fefd2c626df5ad5044830a') in 0.038808209 seconds
Number of updated asset objects reloaded before import = 0Number of asset objects unloaded after import = 1

========================================================================
Received Import Request.
  Time since last request: 0.000031 seconds.
  path: Assets/HQ Explosions Pack FREE/Materials/Explosion01.mat
  artifactKey: Guid(ddc90866ce3808f428933a5234522b10) Importer(2089858483,192608db42251d675da83286b1cce702)
Start importing Assets/HQ Explosions Pack FREE/Materials/Explosion01.mat using Guid(ddc90866ce3808f428933a5234522b10) Importer(2089858483,192608db42251d675da83286b1cce702) (ScriptedImporter) -> (artifact id: '108e0bd44ca88a1f656c85241ec5e349') in 0.024811292 seconds
Number of updated asset objects reloaded before import = 0Number of asset objects unloaded after import = 2

========================================================================
Received Import Request.
  Time since last request: 0.000044 seconds.
  path: Assets/HQ Explosions Pack FREE/Scripts
  artifactKey: Guid(8089c09e3fafb144896e37a3d6cded08) Importer(2089858483,192608db42251d675da83286b1cce702)
Start importing Assets/HQ Explosions Pack FREE/Scripts using Guid(8089c09e3fafb144896e37a3d6cded08) Importer(2089858483,192608db42251d675da83286b1cce702) (ScriptedImporter) -> (artifact id: 'fe646f05c99ffd3946e2899199fdd219') in 0.001406709 seconds
Number of updated asset objects reloaded before import = 0Number of asset objects unloaded after import = 1

========================================================================
Received Import Request.
  Time since last request: 0.000026 seconds.
  path: Assets/HQ Explosions Pack FREE/Shaders/Explosion.shader
  artifactKey: Guid(c22ebc2de4a4f064ca891431bd16222c) Importer(2089858483,192608db42251d675da83286b1cce702)
Start importing Assets/HQ Explosions Pack FREE/Shaders/Explosion.shader using Guid(c22ebc2de4a4f064ca891431bd16222c) Importer(2089858483,192608db42251d675da83286b1cce702) (ScriptedImporter) -> (artifact id: '1007e0a0a4fc5f90327d40a655f8330a') in 0.004472875 seconds
Number of updated asset objects reloaded before import = 0Number of asset objects unloaded after import = 1

========================================================================
Received Import Request.
  Time since last request: 0.000033 seconds.
  path: Assets/HQ Explosions Pack FREE/Prefabs/Explosion04.prefab
  artifactKey: Guid(560fa62f9d26e2b43b2c468779d4686c) Importer(2089858483,192608db42251d675da83286b1cce702)
Start importing Assets/HQ Explosions Pack FREE/Prefabs/Explosion04.prefab using Guid(560fa62f9d26e2b43b2c468779d4686c) Importer(2089858483,192608db42251d675da83286b1cce702) (ScriptedImporter) -> (artifact id: '45beed9befe8783ac8c41b3d06a49b60') in 0.016700792 seconds
Number of updated asset objects reloaded before import = 0Number of asset objects unloaded after import = 7

========================================================================
Received Import Request.
  Time since last request: 0.000030 seconds.
  path: Assets/HQ Explosions Pack FREE/Prefabs
  artifactKey: Guid(24619fbc8e26e324681a9bf410abc8a7) Importer(2089858483,192608db42251d675da83286b1cce702)
Start importing Assets/HQ Explosions Pack FREE/Prefabs using Guid(24619fbc8e26e324681a9bf410abc8a7) Importer(2089858483,192608db42251d675da83286b1cce702) (ScriptedImporter) -> (artifact id: 'af5b4667f3a281da0c0c01330eb36b33') in 0.001517042 seconds
Number of updated asset objects reloaded before import = 0Number of asset objects unloaded after import = 1

========================================================================
Received Import Request.
  Time since last request: 0.000038 seconds.
  path: Assets/HQ Explosions Pack FREE/Materials/Explosion06.mat
  artifactKey: Guid(0c4b814950abb8b43a982a63eca1a128) Importer(2089858483,192608db42251d675da83286b1cce702)
Start importing Assets/HQ Explosions Pack FREE/Materials/Explosion06.mat using Guid(0c4b814950abb8b43a982a63eca1a128) Importer(2089858483,192608db42251d675da83286b1cce702) (ScriptedImporter) -> (artifact id: 'd1f278a00e5c144753f43724cd3b5843') in 0.052528792 seconds
Number of updated asset objects reloaded before import = 0Number of asset objects unloaded after import = 2

========================================================================
Received Import Request.
  Time since last request: 0.000044 seconds.
  path: Assets/HQ Explosions Pack FREE/Textures/Explosion06_Tex.png
  artifactKey: Guid(04d1ebf2067c35e4dad57c80490bd3ec) Importer(2089858483,192608db42251d675da83286b1cce702)
Start importing Assets/HQ Explosions Pack FREE/Textures/Explosion06_Tex.png using Guid(04d1ebf2067c35e4dad57c80490bd3ec) Importer(2089858483,192608db42251d675da83286b1cce702) (ScriptedImporter) -> (artifact id: '977f71a40bb143607ad41845705b4a21') in 0.024936041 seconds
Number of updated asset objects reloaded before import = 0Number of asset objects unloaded after import = 1

========================================================================
Received Import Request.
  Time since last request: 0.000039 seconds.
  path: Assets/HQ Explosions Pack FREE/Textures/Explosion02_Tex.png
  artifactKey: Guid(33df5f80306e7434fa2637f64304fa26) Importer(2089858483,192608db42251d675da83286b1cce702)
Start importing Assets/HQ Explosions Pack FREE/Textures/Explosion02_Tex.png using Guid(33df5f80306e7434fa2637f64304fa26) Importer(2089858483,192608db42251d675da83286b1cce702) (ScriptedImporter) -> (artifact id: 'cd024a33f661ddc74fe45fa6ed97a50b') in 0.032374167 seconds
Number of updated asset objects reloaded before import = 0Number of asset objects unloaded after import = 1

========================================================================
Received Import Request.
  Time since last request: 0.000032 seconds.
  path: Assets/HQ Explosions Pack FREE/Environment/EnvironmentNight.mat
  artifactKey: Guid(b7db497ca1080ac40a31a3bddce80418) Importer(2089858483,192608db42251d675da83286b1cce702)
Start importing Assets/HQ Explosions Pack FREE/Environment/EnvironmentNight.mat using Guid(b7db497ca1080ac40a31a3bddce80418) Importer(2089858483,192608db42251d675da83286b1cce702) (ScriptedImporter) -> (artifact id: 'bf03e2073e71c53ea56936f68131a416') in 0.003579709 seconds
Number of updated asset objects reloaded before import = 0Number of asset objects unloaded after import = 2

========================================================================
Received Import Request.
  Time since last request: 0.000020 seconds.
  path: Assets/HQ Explosions Pack FREE/Environment
  artifactKey: Guid(01bfc8000b4f13048a36e01ad440f028) Importer(2089858483,192608db42251d675da83286b1cce702)
Start importing Assets/HQ Explosions Pack FREE/Environment using Guid(01bfc8000b4f13048a36e01ad440f028) Importer(2089858483,192608db42251d675da83286b1cce702) (ScriptedImporter) -> (artifact id: 'd8cc959361aacf4ed4197f46d90045a5') in 0.001495333 seconds
Number of updated asset objects reloaded before import = 0Number of asset objects unloaded after import = 1

========================================================================
Received Import Request.
  Time since last request: 0.000033 seconds.
  path: Assets/HQ Explosions Pack FREE/Materials
  artifactKey: Guid(175f41ebe893e974fa7f6e5cf619f98d) Importer(2089858483,192608db42251d675da83286b1cce702)
Start importing Assets/HQ Explosions Pack FREE/Materials using Guid(175f41ebe893e974fa7f6e5cf619f98d) Importer(2089858483,192608db42251d675da83286b1cce702) (ScriptedImporter) -> (artifact id: '76b48daa657be5b0d083dd2a7ea5460b') in 0.00149675 seconds
Number of updated asset objects reloaded before import = 0Number of asset objects unloaded after import = 1

========================================================================
Received Import Request.
  Time since last request: 0.000036 seconds.
  path: Assets/HQ Explosions Pack FREE/Textures
  artifactKey: Guid(3f94e31232badc540b32a2a145cdb570) Importer(2089858483,192608db42251d675da83286b1cce702)
Start importing Assets/HQ Explosions Pack FREE/Textures using Guid(3f94e31232badc540b32a2a145cdb570) Importer(2089858483,192608db42251d675da83286b1cce702) (ScriptedImporter) -> (artifact id: '36dc0addd0564c67faf0124291f31c67') in 0.001536417 seconds
Number of updated asset objects reloaded before import = 0Number of asset objects unloaded after import = 1

========================================================================
Received Import Request.
  Time since last request: 4.082498 seconds.
  path: Assets/Mock/Shoot/RapidFire.asset
  artifactKey: Guid(bad3594bd6e5f40fa896ba24fb4f3a97) Importer(815301076,1909f56bfc062723c751e8b465ee728b)
Start importing Assets/Mock/Shoot/RapidFire.asset using Guid(bad3594bd6e5f40fa896ba24fb4f3a97) Importer(815301076,1909f56bfc062723c751e8b465ee728b) (PreviewImporter) -> (artifact id: '96b0c5563869da57af47ad6a322b9f3a') in 0.016655958 seconds
Number of updated asset objects reloaded before import = 0Number of asset objects unloaded after import = 1

========================================================================
Received Import Request.
  Time since last request: 0.962389 seconds.
  path: Assets/Mock/Shoot/RapidFire.asset
  artifactKey: Guid(bad3594bd6e5f40fa896ba24fb4f3a97) Importer(2089858483,192608db42251d675da83286b1cce702)
Start importing Assets/Mock/Shoot/RapidFire.asset using Guid(bad3594bd6e5f40fa896ba24fb4f3a97) Importer(2089858483,192608db42251d675da83286b1cce702) (ScriptedImporter) -> (artifact id: '6749b4bcda0bbed346e1cc50a3e7174f') in 0.014882209 seconds
Number of updated asset objects reloaded before import = 0Number of asset objects unloaded after import = 1

